<?xml version="1.0" encoding="UTF-8"?>
<testng-results skipped="0" failed="0" ignored="0" total="2" passed="2">
  <reporter-output>
  </reporter-output>
  <suite name="Default suite" duration-ms="53545" started-at="2020-04-26T14:16:37Z" finished-at="2020-04-26T14:17:30Z">
    <groups>
    </groups>
    <test name="Default test" duration-ms="53545" started-at="2020-04-26T14:16:37Z" finished-at="2020-04-26T14:17:30Z">
      <class name="TestProject_Maven.TestProject_Maven.GoogleLaunchTest_WithSauceLabs">
        <test-method status="PASS" signature="BeforeLauch(java.lang.reflect.Method)[pri:0, instance:TestProject_Maven.TestProject_Maven.GoogleLaunchTest_WithSauceLabs@123f1134]" name="BeforeLauch" is-config="true" duration-ms="22934" started-at="2020-04-26T19:46:37Z" finished-at="2020-04-26T19:47:00Z">
          <params>
            <param index="0">
              <value>
                <![CDATA[public void TestProject_Maven.TestProject_Maven.GoogleLaunchTest_WithSauceLabs.GoogleLaunchTest()]]>
              </value>
            </param>
          </params>
          <reporter-output>
          </reporter-output>
        </test-method> <!-- BeforeLauch -->
        <test-method status="PASS" signature="GoogleLaunchTest()[pri:0, instance:TestProject_Maven.TestProject_Maven.GoogleLaunchTest_WithSauceLabs@123f1134]" name="GoogleLaunchTest" duration-ms="4015" started-at="2020-04-26T19:47:00Z" finished-at="2020-04-26T19:47:04Z">
          <reporter-output>
          </reporter-output>
        </test-method> <!-- GoogleLaunchTest -->
        <test-method status="PASS" signature="BeforeLauch(java.lang.reflect.Method)[pri:0, instance:TestProject_Maven.TestProject_Maven.GoogleLaunchTest_WithSauceLabs@123f1134]" name="BeforeLauch" is-config="true" duration-ms="18560" started-at="2020-04-26T19:47:04Z" finished-at="2020-04-26T19:47:22Z">
          <params>
            <param index="0">
              <value>
                <![CDATA[public void TestProject_Maven.TestProject_Maven.GoogleLaunchTest_WithSauceLabs.FacebookLaunchTest()]]>
              </value>
            </param>
          </params>
          <reporter-output>
          </reporter-output>
        </test-method> <!-- BeforeLauch -->
        <test-method status="PASS" signature="FacebookLaunchTest()[pri:1, instance:TestProject_Maven.TestProject_Maven.GoogleLaunchTest_WithSauceLabs@123f1134]" name="FacebookLaunchTest" duration-ms="7965" started-at="2020-04-26T19:47:22Z" finished-at="2020-04-26T19:47:30Z">
          <reporter-output>
          </reporter-output>
        </test-method> <!-- FacebookLaunchTest -->
      </class> <!-- TestProject_Maven.TestProject_Maven.GoogleLaunchTest_WithSauceLabs -->
    </test> <!-- Default test -->
  </suite> <!-- Default suite -->
</testng-results>
