<?xml version="1.0" encoding="UTF-8"?>
<!-- Generated by org.testng.reporters.JUnitXMLReporter -->
<testsuite hostname="DESKTOP-FEJ2M74" ignored="9" name="Default test" tests="3" failures="0" timestamp="26 Apr 2020 15:43:57 GMT" time="51.586" errors="0">
  <testcase name="f" time="0.006" classname="TestProject_Maven.TestProject_Maven.ReportingTest"/>
  <testcase name="GoogleLaunchTest" time="3.857" classname="SauceLabsTest.GoogleLaunchTest_WithSauceLabs"/>
  <testcase name="FacebookLaunchTest" time="5.676" classname="SauceLabsTest.GoogleLaunchTest_WithSauceLabs"/>
  <testcase name="testMethodsTwo" time="0.0" classname="TestProject_Maven.TestProject_Maven.ParallelMethodTest">
    <ignored/>
  </testcase> <!-- testMethodsTwo -->
  <testcase name="testMethodsThree" time="0.0" classname="TestProject_Maven.TestProject_Maven.ParallelMethodTest">
    <ignored/>
  </testcase> <!-- testMethodsThree -->
  <testcase name="TestSafari" time="0.0" classname="TestProject_Maven.TestProject_Maven.SauceLabsConnectionTest">
    <ignored/>
  </testcase> <!-- TestSafari -->
  <testcase name="testMethodsFour" time="0.0" classname="TestProject_Maven.TestProject_Maven.ParallelMethodTest">
    <ignored/>
  </testcase> <!-- testMethodsFour -->
  <testcase name="testMethodsOne" time="0.0" classname="TestProject_Maven.TestProject_Maven.ParallelMethodTest">
    <ignored/>
  </testcase> <!-- testMethodsOne -->
  <testcase name="testMethodsFive" time="0.0" classname="TestProject_Maven.TestProject_Maven.ParallelMethodTest">
    <ignored/>
  </testcase> <!-- testMethodsFive -->
  <testcase name="TestChrome" time="0.0" classname="TestProject_Maven.TestProject_Maven.SauceLabsConnectionTest">
    <ignored/>
  </testcase> <!-- TestChrome -->
  <testcase name="GoogleLaunchTest" time="0.0" classname="TestProject_Maven.TestProject_Maven.GoogleLaunchTest">
    <ignored/>
  </testcase> <!-- GoogleLaunchTest -->
  <testcase name="FacebookLaunchTest" time="0.0" classname="TestProject_Maven.TestProject_Maven.GoogleLaunchTest">
    <ignored/>
  </testcase> <!-- FacebookLaunchTest -->
</testsuite> <!-- Default test -->
