<?xml version="1.0" encoding="UTF-8"?>
<!-- Generated by org.testng.reporters.JUnitXMLReporter -->
<testsuite hostname="DESKTOP-FEJ2M74" ignored="0" name="Default test" tests="3" failures="0" timestamp="25 Apr 2020 14:34:48 GMT" time="0.071" errors="0">
  <testcase name="testMethodsOne" time="0.007" classname="TestProject_Maven.TestProject_Maven.ParallelMethodTest"/>
  <testcase name="testMethodsThree" time="0.002" classname="TestProject_Maven.TestProject_Maven.ParallelMethodTest"/>
  <testcase name="testMethodsTwo" time="0.002" classname="TestProject_Maven.TestProject_Maven.ParallelMethodTest"/>
</testsuite> <!-- Default test -->
